{"Timestamp":"2026-02-08T20:18:50.9441666Z","Level":"Information","Category":"PaymentCore.Api","EventId":0,"Message":"Application starting up in Development mode","Exception":null}
{"Timestamp":"2026-02-08T20:18:51.0668755Z","Level":"Information","Category":"Microsoft.Hosting.Lifetime","EventId":14,"Message":"Now listening on: http://localhost:5120","Exception":null}
{"Timestamp":"2026-02-08T20:18:51.0673682Z","Level":"Information","Category":"Microsoft.Hosting.Lifetime","EventId":0,"Message":"Application started. Press Ctrl\u002BC to shut down.","Exception":null}
{"Timestamp":"2026-02-08T20:18:51.0674797Z","Level":"Information","Category":"Microsoft.Hosting.Lifetime","EventId":0,"Message":"Hosting environment: Development","Exception":null}
{"Timestamp":"2026-02-08T20:18:51.0675574Z","Level":"Information","Category":"Microsoft.Hosting.Lifetime","EventId":0,"Message":"Content root path: /home/wub/Projetos/payments_core/PaymentCore.Api","Exception":null}
{"Timestamp":"2026-02-08T20:26:49.7394307Z","Level":"Information","Category":"Microsoft.Hosting.Lifetime","EventId":0,"Message":"Application is shutting down...","Exception":null}
{"Timestamp":"2026-02-08T20:33:28.6402607Z","Level":"Information","Category":"PaymentCore.Api","EventId":0,"Message":"Application starting up in Development mode","Exception":null}
{"Timestamp":"2026-02-08T20:33:28.7770978Z","Level":"Information","Category":"Microsoft.Hosting.Lifetime","EventId":14,"Message":"Now listening on: http://localhost:5120","Exception":null}
{"Timestamp":"2026-02-08T20:33:28.777582Z","Level":"Information","Category":"Microsoft.Hosting.Lifetime","EventId":0,"Message":"Application started. Press Ctrl\u002BC to shut down.","Exception":null}
{"Timestamp":"2026-02-08T20:33:28.7777084Z","Level":"Information","Category":"Microsoft.Hosting.Lifetime","EventId":0,"Message":"Hosting environment: Development","Exception":null}
{"Timestamp":"2026-02-08T20:33:28.7777964Z","Level":"Information","Category":"Microsoft.Hosting.Lifetime","EventId":0,"Message":"Content root path: /home/wub/Projetos/payments_core/PaymentCore.Api","Exception":null}
{"Timestamp":"2026-02-08T20:34:43.601809Z","Level":"Information","Category":"Microsoft.Hosting.Lifetime","EventId":0,"Message":"Application is shutting down...","Exception":null}
{"Timestamp":"2026-02-08T20:34:58.4159889Z","Level":"Information","Category":"PaymentCore.Api","EventId":0,"Message":"Application starting up in Development mode","Exception":null}
{"Timestamp":"2026-02-08T20:34:58.5057342Z","Level":"Information","Category":"Microsoft.Hosting.Lifetime","EventId":14,"Message":"Now listening on: http://localhost:5120","Exception":null}
{"Timestamp":"2026-02-08T20:34:58.5061341Z","Level":"Information","Category":"Microsoft.Hosting.Lifetime","EventId":0,"Message":"Application started. Press Ctrl\u002BC to shut down.","Exception":null}
{"Timestamp":"2026-02-08T20:34:58.5062108Z","Level":"Information","Category":"Microsoft.Hosting.Lifetime","EventId":0,"Message":"Hosting environment: Development","Exception":null}
{"Timestamp":"2026-02-08T20:34:58.5062642Z","Level":"Information","Category":"Microsoft.Hosting.Lifetime","EventId":0,"Message":"Content root path: /home/wub/Projetos/payments_core/PaymentCore.Api","Exception":null}
{"Timestamp":"2026-02-08T20:35:18.9499551Z","Level":"Information","Category":"Microsoft.Hosting.Lifetime","EventId":0,"Message":"Application is shutting down...","Exception":null}
{"Timestamp":"2026-02-08T20:35:24.0651498Z","Level":"Information","Category":"PaymentCore.Api","EventId":0,"Message":"Application starting up in Development mode","Exception":null}
{"Timestamp":"2026-02-08T20:35:24.1738285Z","Level":"Information","Category":"Microsoft.Hosting.Lifetime","EventId":14,"Message":"Now listening on: http://localhost:5120","Exception":null}
{"Timestamp":"2026-02-08T20:35:24.1742241Z","Level":"Information","Category":"Microsoft.Hosting.Lifetime","EventId":0,"Message":"Application started. Press Ctrl\u002BC to shut down.","Exception":null}
{"Timestamp":"2026-02-08T20:35:24.1743302Z","Level":"Information","Category":"Microsoft.Hosting.Lifetime","EventId":0,"Message":"Hosting environment: Development","Exception":null}
{"Timestamp":"2026-02-08T20:35:24.1743825Z","Level":"Information","Category":"Microsoft.Hosting.Lifetime","EventId":0,"Message":"Content root path: /home/wub/Projetos/payments_core/PaymentCore.Api","Exception":null}
{"Timestamp":"2026-02-08T20:36:27.3456091Z","Level":"Information","Category":"Microsoft.Hosting.Lifetime","EventId":0,"Message":"Application is shutting down...","Exception":null}
{"Timestamp":"2026-02-08T20:36:32.9679875Z","Level":"Information","Category":"PaymentCore.Api","EventId":0,"Message":"Application starting up in Development mode","Exception":null}
{"Timestamp":"2026-02-08T20:36:33.0778466Z","Level":"Information","Category":"Microsoft.Hosting.Lifetime","EventId":14,"Message":"Now listening on: http://localhost:5120","Exception":null}
{"Timestamp":"2026-02-08T20:36:33.0781523Z","Level":"Information","Category":"Microsoft.Hosting.Lifetime","EventId":0,"Message":"Application started. Press Ctrl\u002BC to shut down.","Exception":null}
{"Timestamp":"2026-02-08T20:36:33.0782247Z","Level":"Information","Category":"Microsoft.Hosting.Lifetime","EventId":0,"Message":"Hosting environment: Development","Exception":null}
{"Timestamp":"2026-02-08T20:36:33.0782723Z","Level":"Information","Category":"Microsoft.Hosting.Lifetime","EventId":0,"Message":"Content root path: /home/wub/Projetos/payments_core/PaymentCore.Api","Exception":null}
{"Timestamp":"2026-02-08T20:40:23.3168094Z","Level":"Information","Category":"Microsoft.Hosting.Lifetime","EventId":0,"Message":"Application is shutting down...","Exception":null}
{"Timestamp":"2026-02-08T20:40:28.2325686Z","Level":"Information","Category":"PaymentCore.Api","EventId":0,"Message":"Application starting up in Development mode","Exception":null}
{"Timestamp":"2026-02-08T20:40:28.3256531Z","Level":"Information","Category":"Microsoft.Hosting.Lifetime","EventId":14,"Message":"Now listening on: http://localhost:5120","Exception":null}
{"Timestamp":"2026-02-08T20:40:28.326047Z","Level":"Information","Category":"Microsoft.Hosting.Lifetime","EventId":0,"Message":"Application started. Press Ctrl\u002BC to shut down.","Exception":null}
{"Timestamp":"2026-02-08T20:40:28.3261265Z","Level":"Information","Category":"Microsoft.Hosting.Lifetime","EventId":0,"Message":"Hosting environment: Development","Exception":null}
{"Timestamp":"2026-02-08T20:40:28.3261812Z","Level":"Information","Category":"Microsoft.Hosting.Lifetime","EventId":0,"Message":"Content root path: /home/wub/Projetos/payments_core/PaymentCore.Api","Exception":null}
{"Timestamp":"2026-02-08T20:41:50.4245873Z","Level":"Information","Category":"Microsoft.Hosting.Lifetime","EventId":0,"Message":"Application is shutting down...","Exception":null}
{"Timestamp":"2026-02-08T20:41:55.6460074Z","Level":"Information","Category":"PaymentCore.Api","EventId":0,"Message":"Application starting up in Development mode","Exception":null}
{"Timestamp":"2026-02-08T20:41:55.7411931Z","Level":"Information","Category":"Microsoft.Hosting.Lifetime","EventId":14,"Message":"Now listening on: http://localhost:5120","Exception":null}
{"Timestamp":"2026-02-08T20:41:55.7416476Z","Level":"Information","Category":"Microsoft.Hosting.Lifetime","EventId":0,"Message":"Application started. Press Ctrl\u002BC to shut down.","Exception":null}
{"Timestamp":"2026-02-08T20:41:55.7417392Z","Level":"Information","Category":"Microsoft.Hosting.Lifetime","EventId":0,"Message":"Hosting environment: Development","Exception":null}
{"Timestamp":"2026-02-08T20:41:55.7418126Z","Level":"Information","Category":"Microsoft.Hosting.Lifetime","EventId":0,"Message":"Content root path: /home/wub/Projetos/payments_core/PaymentCore.Api","Exception":null}
{"Timestamp":"2026-02-08T20:43:51.9051832Z","Level":"Information","Category":"Microsoft.Hosting.Lifetime","EventId":0,"Message":"Application is shutting down...","Exception":null}
{"Timestamp":"2026-02-08T20:43:56.8714062Z","Level":"Information","Category":"PaymentCore.Api","EventId":0,"Message":"Application starting up in Development mode","Exception":null}
{"Timestamp":"2026-02-08T20:43:56.9948991Z","Level":"Information","Category":"Microsoft.Hosting.Lifetime","EventId":14,"Message":"Now listening on: http://localhost:5120","Exception":null}
{"Timestamp":"2026-02-08T20:43:56.9953826Z","Level":"Information","Category":"Microsoft.Hosting.Lifetime","EventId":0,"Message":"Application started. Press Ctrl\u002BC to shut down.","Exception":null}
{"Timestamp":"2026-02-08T20:43:56.9955338Z","Level":"Information","Category":"Microsoft.Hosting.Lifetime","EventId":0,"Message":"Hosting environment: Development","Exception":null}
{"Timestamp":"2026-02-08T20:43:56.9956477Z","Level":"Information","Category":"Microsoft.Hosting.Lifetime","EventId":0,"Message":"Content root path: /home/wub/Projetos/payments_core/PaymentCore.Api","Exception":null}
{"Timestamp":"2026-02-08T20:44:40.3252857Z","Level":"Information","Category":"Microsoft.Hosting.Lifetime","EventId":0,"Message":"Application is shutting down...","Exception":null}
{"Timestamp":"2026-02-08T20:44:45.6155546Z","Level":"Information","Category":"PaymentCore.Api","EventId":0,"Message":"Application starting up in Development mode","Exception":null}
{"Timestamp":"2026-02-08T20:44:45.7151186Z","Level":"Information","Category":"Microsoft.Hosting.Lifetime","EventId":14,"Message":"Now listening on: http://localhost:5120","Exception":null}
{"Timestamp":"2026-02-08T20:44:45.7154471Z","Level":"Information","Category":"Microsoft.Hosting.Lifetime","EventId":0,"Message":"Application started. Press Ctrl\u002BC to shut down.","Exception":null}
{"Timestamp":"2026-02-08T20:44:45.7155398Z","Level":"Information","Category":"Microsoft.Hosting.Lifetime","EventId":0,"Message":"Hosting environment: Development","Exception":null}
{"Timestamp":"2026-02-08T20:44:45.7155988Z","Level":"Information","Category":"Microsoft.Hosting.Lifetime","EventId":0,"Message":"Content root path: /home/wub/Projetos/payments_core/PaymentCore.Api","Exception":null}
{"Timestamp":"2026-02-08T20:45:26.7457267Z","Level":"Information","Category":"Microsoft.Hosting.Lifetime","EventId":0,"Message":"Application is shutting down...","Exception":null}
{"Timestamp":"2026-02-08T20:45:32.1822356Z","Level":"Information","Category":"PaymentCore.Api","EventId":0,"Message":"Application starting up in Development mode","Exception":null}
{"Timestamp":"2026-02-08T20:45:32.2746932Z","Level":"Information","Category":"Microsoft.Hosting.Lifetime","EventId":14,"Message":"Now listening on: http://localhost:5120","Exception":null}
{"Timestamp":"2026-02-08T20:45:32.2750344Z","Level":"Information","Category":"Microsoft.Hosting.Lifetime","EventId":0,"Message":"Application started. Press Ctrl\u002BC to shut down.","Exception":null}
{"Timestamp":"2026-02-08T20:45:32.2751178Z","Level":"Information","Category":"Microsoft.Hosting.Lifetime","EventId":0,"Message":"Hosting environment: Development","Exception":null}
{"Timestamp":"2026-02-08T20:45:32.2751728Z","Level":"Information","Category":"Microsoft.Hosting.Lifetime","EventId":0,"Message":"Content root path: /home/wub/Projetos/payments_core/PaymentCore.Api","Exception":null}
{"Timestamp":"2026-02-08T20:45:36.4577931Z","Level":"Information","Category":"Microsoft.Hosting.Lifetime","EventId":0,"Message":"Application is shutting down...","Exception":null}
{"Timestamp":"2026-02-08T20:46:31.8347303Z","Level":"Information","Category":"PaymentCore.Api","EventId":0,"Message":"Application starting up in Development mode","Exception":null}
{"Timestamp":"2026-02-08T20:46:31.9604821Z","Level":"Information","Category":"Microsoft.Hosting.Lifetime","EventId":14,"Message":"Now listening on: http://localhost:5120","Exception":null}
{"Timestamp":"2026-02-08T20:46:31.9611395Z","Level":"Information","Category":"Microsoft.Hosting.Lifetime","EventId":0,"Message":"Application started. Press Ctrl\u002BC to shut down.","Exception":null}
{"Timestamp":"2026-02-08T20:46:31.9612546Z","Level":"Information","Category":"Microsoft.Hosting.Lifetime","EventId":0,"Message":"Hosting environment: Development","Exception":null}
{"Timestamp":"2026-02-08T20:46:31.9613162Z","Level":"Information","Category":"Microsoft.Hosting.Lifetime","EventId":0,"Message":"Content root path: /home/wub/Projetos/payments_core/PaymentCore.Api","Exception":null}
{"Timestamp":"2026-02-08T20:47:54.6844361Z","Level":"Information","Category":"Microsoft.Hosting.Lifetime","EventId":0,"Message":"Application is shutting down...","Exception":null}
{"Timestamp":"2026-02-08T20:47:59.7754084Z","Level":"Information","Category":"PaymentCore.Api","EventId":0,"Message":"Application starting up in Development mode","Exception":null}
{"Timestamp":"2026-02-08T20:47:59.8793966Z","Level":"Information","Category":"Microsoft.Hosting.Lifetime","EventId":14,"Message":"Now listening on: http://localhost:5120","Exception":null}
{"Timestamp":"2026-02-08T20:47:59.8798432Z","Level":"Information","Category":"Microsoft.Hosting.Lifetime","EventId":0,"Message":"Application started. Press Ctrl\u002BC to shut down.","Exception":null}
{"Timestamp":"2026-02-08T20:47:59.8800291Z","Level":"Information","Category":"Microsoft.Hosting.Lifetime","EventId":0,"Message":"Hosting environment: Development","Exception":null}
{"Timestamp":"2026-02-08T20:47:59.8801594Z","Level":"Information","Category":"Microsoft.Hosting.Lifetime","EventId":0,"Message":"Content root path: /home/wub/Projetos/payments_core/PaymentCore.Api","Exception":null}
{"Timestamp":"2026-02-08T20:49:40.6457209Z","Level":"Information","Category":"Microsoft.Hosting.Lifetime","EventId":0,"Message":"Application is shutting down...","Exception":null}
{"Timestamp":"2026-02-08T20:49:45.7470963Z","Level":"Information","Category":"PaymentCore.Api","EventId":0,"Message":"Application starting up in Development mode","Exception":null}
{"Timestamp":"2026-02-08T20:49:45.8503214Z","Level":"Information","Category":"Microsoft.Hosting.Lifetime","EventId":14,"Message":"Now listening on: http://0.0.0.0:5120","Exception":null}
{"Timestamp":"2026-02-08T20:49:45.8506905Z","Level":"Information","Category":"Microsoft.Hosting.Lifetime","EventId":0,"Message":"Application started. Press Ctrl\u002BC to shut down.","Exception":null}
{"Timestamp":"2026-02-08T20:49:45.8507617Z","Level":"Information","Category":"Microsoft.Hosting.Lifetime","EventId":0,"Message":"Hosting environment: Development","Exception":null}
{"Timestamp":"2026-02-08T20:49:45.8508155Z","Level":"Information","Category":"Microsoft.Hosting.Lifetime","EventId":0,"Message":"Content root path: /home/wub/Projetos/payments_core/PaymentCore.Api","Exception":null}
{"Timestamp":"2026-02-08T20:52:10.621877Z","Level":"Information","Category":"Microsoft.Hosting.Lifetime","EventId":0,"Message":"Application is shutting down...","Exception":null}
{"Timestamp":"2026-02-08T20:52:16.0681339Z","Level":"Information","Category":"PaymentCore.Api","EventId":0,"Message":"Application starting up in Development mode","Exception":null}
{"Timestamp":"2026-02-08T20:52:16.1639245Z","Level":"Information","Category":"Microsoft.Hosting.Lifetime","EventId":14,"Message":"Now listening on: http://localhost:5120","Exception":null}
{"Timestamp":"2026-02-08T20:52:16.164375Z","Level":"Information","Category":"Microsoft.Hosting.Lifetime","EventId":0,"Message":"Application started. Press Ctrl\u002BC to shut down.","Exception":null}
{"Timestamp":"2026-02-08T20:52:16.164514Z","Level":"Information","Category":"Microsoft.Hosting.Lifetime","EventId":0,"Message":"Hosting environment: Development","Exception":null}
{"Timestamp":"2026-02-08T20:52:16.1646108Z","Level":"Information","Category":"Microsoft.Hosting.Lifetime","EventId":0,"Message":"Content root path: /home/wub/Projetos/payments_core/PaymentCore.Api","Exception":null}
{"Timestamp":"2026-02-08T20:53:16.2831841Z","Level":"Information","Category":"Microsoft.Hosting.Lifetime","EventId":0,"Message":"Application is shutting down...","Exception":null}
{"Timestamp":"2026-02-08T20:53:27.0641309Z","Level":"Information","Category":"PaymentCore.Api","EventId":0,"Message":"Application starting up in Development mode","Exception":null}
{"Timestamp":"2026-02-08T20:53:27.1439361Z","Level":"Information","Category":"Microsoft.Hosting.Lifetime","EventId":14,"Message":"Now listening on: http://localhost:5120","Exception":null}
{"Timestamp":"2026-02-08T20:53:27.1442838Z","Level":"Information","Category":"Microsoft.Hosting.Lifetime","EventId":0,"Message":"Application started. Press Ctrl\u002BC to shut down.","Exception":null}
{"Timestamp":"2026-02-08T20:53:27.1443536Z","Level":"Information","Category":"Microsoft.Hosting.Lifetime","EventId":0,"Message":"Hosting environment: Development","Exception":null}
{"Timestamp":"2026-02-08T20:53:27.1444151Z","Level":"Information","Category":"Microsoft.Hosting.Lifetime","EventId":0,"Message":"Content root path: /home/wub/Projetos/payments_core/PaymentCore.Api","Exception":null}
{"Timestamp":"2026-02-08T21:01:43.730258Z","Level":"Information","Category":"Microsoft.Hosting.Lifetime","EventId":0,"Message":"Application is shutting down...","Exception":null}
{"Timestamp":"2026-02-08T21:01:49.0998978Z","Level":"Information","Category":"PaymentCore.Api","EventId":0,"Message":"Application starting up in Development mode","Exception":null}
{"Timestamp":"2026-02-08T21:01:49.1877889Z","Level":"Information","Category":"Microsoft.Hosting.Lifetime","EventId":14,"Message":"Now listening on: http://localhost:5120","Exception":null}
{"Timestamp":"2026-02-08T21:01:49.1882968Z","Level":"Information","Category":"Microsoft.Hosting.Lifetime","EventId":0,"Message":"Application started. Press Ctrl\u002BC to shut down.","Exception":null}
{"Timestamp":"2026-02-08T21:01:49.1883795Z","Level":"Information","Category":"Microsoft.Hosting.Lifetime","EventId":0,"Message":"Hosting environment: Development","Exception":null}
{"Timestamp":"2026-02-08T21:01:49.1884998Z","Level":"Information","Category":"Microsoft.Hosting.Lifetime","EventId":0,"Message":"Content root path: /home/wub/Projetos/payments_core/PaymentCore.Api","Exception":null}
{"Timestamp":"2026-02-08T21:02:17.24768Z","Level":"Information","Category":"Microsoft.Hosting.Lifetime","EventId":0,"Message":"Application is shutting down...","Exception":null}
{"Timestamp":"2026-02-08T21:02:22.1967901Z","Level":"Information","Category":"PaymentCore.Api","EventId":0,"Message":"Application starting up in Development mode","Exception":null}
{"Timestamp":"2026-02-08T21:02:22.2881756Z","Level":"Information","Category":"Microsoft.Hosting.Lifetime","EventId":14,"Message":"Now listening on: http://localhost:5120","Exception":null}
{"Timestamp":"2026-02-08T21:02:22.2885233Z","Level":"Information","Category":"Microsoft.Hosting.Lifetime","EventId":0,"Message":"Application started. Press Ctrl\u002BC to shut down.","Exception":null}
{"Timestamp":"2026-02-08T21:02:22.288619Z","Level":"Information","Category":"Microsoft.Hosting.Lifetime","EventId":0,"Message":"Hosting environment: Development","Exception":null}
{"Timestamp":"2026-02-08T21:02:22.2887213Z","Level":"Information","Category":"Microsoft.Hosting.Lifetime","EventId":0,"Message":"Content root path: /home/wub/Projetos/payments_core/PaymentCore.Api","Exception":null}
{"Timestamp":"2026-02-08T21:02:42.4963496Z","Level":"Information","Category":"Microsoft.Hosting.Lifetime","EventId":0,"Message":"Application is shutting down...","Exception":null}
{"Timestamp":"2026-02-08T21:02:47.9290678Z","Level":"Information","Category":"PaymentCore.Api","EventId":0,"Message":"Application starting up in Development mode","Exception":null}
{"Timestamp":"2026-02-08T21:02:48.0183724Z","Level":"Information","Category":"Microsoft.Hosting.Lifetime","EventId":14,"Message":"Now listening on: http://localhost:5120","Exception":null}
{"Timestamp":"2026-02-08T21:02:48.018764Z","Level":"Information","Category":"Microsoft.Hosting.Lifetime","EventId":0,"Message":"Application started. Press Ctrl\u002BC to shut down.","Exception":null}
{"Timestamp":"2026-02-08T21:02:48.0188462Z","Level":"Information","Category":"Microsoft.Hosting.Lifetime","EventId":0,"Message":"Hosting environment: Development","Exception":null}
{"Timestamp":"2026-02-08T21:02:48.0188922Z","Level":"Information","Category":"Microsoft.Hosting.Lifetime","EventId":0,"Message":"Content root path: /home/wub/Projetos/payments_core/PaymentCore.Api","Exception":null}
{"Timestamp":"2026-02-08T21:03:57.3239227Z","Level":"Information","Category":"Microsoft.Hosting.Lifetime","EventId":0,"Message":"Application is shutting down...","Exception":null}
{"Timestamp":"2026-02-08T21:04:04.5534371Z","Level":"Information","Category":"PaymentCore.Api","EventId":0,"Message":"Application starting up in Development mode","Exception":null}
{"Timestamp":"2026-02-08T21:04:04.6386137Z","Level":"Information","Category":"Microsoft.Hosting.Lifetime","EventId":14,"Message":"Now listening on: http://localhost:5120","Exception":null}
{"Timestamp":"2026-02-08T21:04:04.6390776Z","Level":"Information","Category":"Microsoft.Hosting.Lifetime","EventId":0,"Message":"Application started. Press Ctrl\u002BC to shut down.","Exception":null}
{"Timestamp":"2026-02-08T21:04:04.6391811Z","Level":"Information","Category":"Microsoft.Hosting.Lifetime","EventId":0,"Message":"Hosting environment: Development","Exception":null}
{"Timestamp":"2026-02-08T21:04:04.6392465Z","Level":"Information","Category":"Microsoft.Hosting.Lifetime","EventId":0,"Message":"Content root path: /home/wub/Projetos/payments_core/PaymentCore.Api","Exception":null}
{"Timestamp":"2026-02-08T21:06:06.0956791Z","Level":"Information","Category":"Microsoft.Hosting.Lifetime","EventId":0,"Message":"Application is shutting down...","Exception":null}
{"Timestamp":"2026-02-08T21:06:18.1175608Z","Level":"Information","Category":"PaymentCore.Api","EventId":0,"Message":"Application starting up in Development mode","Exception":null}
{"Timestamp":"2026-02-08T21:06:18.2077121Z","Level":"Information","Category":"Microsoft.Hosting.Lifetime","EventId":14,"Message":"Now listening on: http://localhost:5120","Exception":null}
{"Timestamp":"2026-02-08T21:06:18.2080807Z","Level":"Information","Category":"Microsoft.Hosting.Lifetime","EventId":0,"Message":"Application started. Press Ctrl\u002BC to shut down.","Exception":null}
{"Timestamp":"2026-02-08T21:06:18.2081622Z","Level":"Information","Category":"Microsoft.Hosting.Lifetime","EventId":0,"Message":"Hosting environment: Development","Exception":null}
{"Timestamp":"2026-02-08T21:06:18.208222Z","Level":"Information","Category":"Microsoft.Hosting.Lifetime","EventId":0,"Message":"Content root path: /home/wub/Projetos/payments_core/PaymentCore.Api","Exception":null}
{"Timestamp":"2026-02-08T21:10:47.1704854Z","Level":"Information","Category":"PaymentCore.Api","EventId":0,"Message":"Application starting up in Development mode","Exception":null}
{"Timestamp":"2026-02-08T21:10:47.2689689Z","Level":"Information","Category":"Microsoft.Hosting.Lifetime","EventId":14,"Message":"Now listening on: http://localhost:5120","Exception":null}
{"Timestamp":"2026-02-08T21:10:47.2694059Z","Level":"Information","Category":"Microsoft.Hosting.Lifetime","EventId":0,"Message":"Application started. Press Ctrl\u002BC to shut down.","Exception":null}
{"Timestamp":"2026-02-08T21:10:47.2695125Z","Level":"Information","Category":"Microsoft.Hosting.Lifetime","EventId":0,"Message":"Hosting environment: Development","Exception":null}
{"Timestamp":"2026-02-08T21:10:47.2695746Z","Level":"Information","Category":"Microsoft.Hosting.Lifetime","EventId":0,"Message":"Content root path: /home/wub/Projetos/payments_core/PaymentCore.Api","Exception":null}
{"Timestamp":"2026-02-08T21:11:35.9587747Z","Level":"Information","Category":"Microsoft.Hosting.Lifetime","EventId":0,"Message":"Application is shutting down...","Exception":null}
{"Timestamp":"2026-02-08T21:11:42.0787102Z","Level":"Information","Category":"PaymentCore.Api","EventId":0,"Message":"Application starting up in Development mode","Exception":null}
{"Timestamp":"2026-02-08T21:11:42.1895959Z","Level":"Information","Category":"Microsoft.Hosting.Lifetime","EventId":14,"Message":"Now listening on: http://127.0.0.1:5120","Exception":null}
{"Timestamp":"2026-02-08T21:11:42.1900722Z","Level":"Information","Category":"Microsoft.Hosting.Lifetime","EventId":0,"Message":"Application started. Press Ctrl\u002BC to shut down.","Exception":null}
{"Timestamp":"2026-02-08T21:11:42.1901417Z","Level":"Information","Category":"Microsoft.Hosting.Lifetime","EventId":0,"Message":"Hosting environment: Development","Exception":null}
{"Timestamp":"2026-02-08T21:11:42.1902633Z","Level":"Information","Category":"Microsoft.Hosting.Lifetime","EventId":0,"Message":"Content root path: /home/wub/Projetos/payments_core/PaymentCore.Api","Exception":null}
{"Timestamp":"2026-02-08T21:16:32.2091854Z","Level":"Information","Category":"Microsoft.Hosting.Lifetime","EventId":0,"Message":"Application is shutting down...","Exception":null}
{"Timestamp":"2026-02-08T21:18:26.3194489Z","Level":"Information","Category":"Microsoft.Hosting.Lifetime","EventId":14,"Message":"Now listening on: http://localhost:5120","Exception":null}
{"Timestamp":"2026-02-08T21:18:26.3254155Z","Level":"Information","Category":"Microsoft.Hosting.Lifetime","EventId":0,"Message":"Application started. Press Ctrl\u002BC to shut down.","Exception":null}
{"Timestamp":"2026-02-08T21:18:26.3259645Z","Level":"Information","Category":"Microsoft.Hosting.Lifetime","EventId":0,"Message":"Hosting environment: Development","Exception":null}
{"Timestamp":"2026-02-08T21:18:26.3260514Z","Level":"Information","Category":"Microsoft.Hosting.Lifetime","EventId":0,"Message":"Content root path: /home/wub/Projetos/payments_core/PaymentCore.Api","Exception":null}
{"Timestamp":"2026-02-08T21:18:59.9908872Z","Level":"Information","Category":"Microsoft.Hosting.Lifetime","EventId":0,"Message":"Application is shutting down...","Exception":null}
{"Timestamp":"2026-02-08T21:22:42.2697142Z","Level":"Information","Category":"PaymentCore.Api","EventId":0,"Message":"Application starting up in Development mode","Exception":null}
{"Timestamp":"2026-02-08T21:22:42.3560153Z","Level":"Information","Category":"Microsoft.Hosting.Lifetime","EventId":14,"Message":"Now listening on: http://localhost:5120","Exception":null}
{"Timestamp":"2026-02-08T21:22:42.3564172Z","Level":"Information","Category":"Microsoft.Hosting.Lifetime","EventId":0,"Message":"Application started. Press Ctrl\u002BC to shut down.","Exception":null}
{"Timestamp":"2026-02-08T21:22:42.3565161Z","Level":"Information","Category":"Microsoft.Hosting.Lifetime","EventId":0,"Message":"Hosting environment: Development","Exception":null}
{"Timestamp":"2026-02-08T21:22:42.3565716Z","Level":"Information","Category":"Microsoft.Hosting.Lifetime","EventId":0,"Message":"Content root path: /home/wub/Projetos/payments_core/PaymentCore.Api","Exception":null}
{"Timestamp":"2026-02-08T21:22:51.2838442Z","Level":"Information","Category":"Microsoft.Hosting.Lifetime","EventId":0,"Message":"Application is shutting down...","Exception":null}
